DFW status and trace log : Mon Feb 21 15:00:43 2022

15:00:43.347 ERROR: no id specified
  SevError(2) : programcontext.cpp : 5665
15:00:43.354 ERROR: target definition defaultTarget has not been created
  Protocol Component : SevError(2) : targetdefinitionmanager.cpp : 5161
DFW status and trace log : Mon Feb 21 15:14:30 2022

15:14:30.844 ERROR: Node 'TargetDefns' does not have a child name 'vxsim0': StdStructContainerInfoNode1::evalNodeChild
  Protocol Component : SevError(2) : infonodehelper.hpp : 1645
15:14:30.844 ERROR: Node 'TargetDefns' does not have a child name 'vxsim0'
  Protocol Component : SevError(2) : infonodehelper.hpp : 1645
15:14:30.848 ERROR: no id specified
  SevError(2) : programcontext.cpp : 5665
15:14:35.542 ERROR: no id specified
  SevError(2) : programcontext.cpp : 5665
15:14:35.543 ERROR: no id specified
  SevError(2) : programcontext.cpp : 5665
15:14:35.544 ERROR: Invalid core (CPU) id
  SevError(2) : tccoreinfo.cpp : 849
15:14:40.210 ERROR: Unsupported function call: TargetPluginAPI::GetTraceInfo
  SevError(2) : tccallwrappers.cpp : 4517
15:14:40.215 ERROR: Operation succeeded
  SevError(2) : programcontext.cpp : 5208
15:14:40.215 ERROR: Program context is undefined
  SevError(2) : dtacell.cpp : 559
15:14:40.215 ERROR: Operation succeeded
  SevError(2) : programcontext.cpp : 5208
15:14:44.941 ERROR: Program context is undefined
  SevError(2) : dtacell.cpp : 559
15:14:44.941 ERROR: Operation succeeded
  SevError(2) : programcontext.cpp : 5208
15:14:44.942 ERROR: Program context is undefined
  SevError(2) : dtacell.cpp : 559
15:14:44.942 ERROR: Operation succeeded
  SevError(2) : programcontext.cpp : 5208
15:14:44.943 ERROR: Program context is undefined
  SevError(2) : dtacell.cpp : 559
15:14:44.943 ERROR: Operation succeeded
  SevError(2) : programcontext.cpp : 5208
15:14:44.943 ERROR: Program context is undefined
  SevError(2) : dtacell.cpp : 559
15:14:44.943 ERROR: Operation succeeded
  SevError(2) : programcontext.cpp : 5208
15:14:44.944 ERROR: Program context is undefined
  SevError(2) : dtacell.cpp : 559
15:14:44.944 ERROR: Operation succeeded
  SevError(2) : programcontext.cpp : 5208
15:14:44.945 ERROR: Program context is undefined
  SevError(2) : dtacell.cpp : 559
15:14:44.945 ERROR: Operation succeeded
  SevError(2) : programcontext.cpp : 5208
15:14:44.946 ERROR: Program context is undefined
  SevError(2) : dtacell.cpp : 559
15:14:44.946 ERROR: Operation succeeded
  SevError(2) : programcontext.cpp : 5208
15:14:44.947 ERROR: Program context is undefined
  SevError(2) : dtacell.cpp : 559
15:14:44.947 ERROR: Operation succeeded
  SevError(2) : programcontext.cpp : 5208
15:14:44.952 ERROR: Program context is undefined
  SevError(2) : dtacell.cpp : 559
15:14:44.952 ERROR: Operation succeeded
  SevError(2) : programcontext.cpp : 5208
15:14:44.953 ERROR: Program context is undefined
  SevError(2) : dtacell.cpp : 559
15:14:44.953 ERROR: Operation succeeded
  SevError(2) : programcontext.cpp : 5208
15:14:44.956 WARNING: No register with name 'pc' exists: TOSComponent::PopulateRegisterData
  SevWarning(1) : scregaccess.cpp : 3817
15:14:44.956 WARNING: No register with name 'pc' exists: TOSComponent::PopulateRegisterData
  SevWarning(1) : scregaccess.cpp : 3817
15:14:44.956 WARNING: No register with name 'pc' exists
  SevWarning(1) : scregaccess.cpp : 3817
15:14:44.956 WARNING: No register with name 'FPRegisterAccess' exists: TOSComponent::PopulateRegisterData
  SevWarning(1) : scregaccess.cpp : 3817
15:14:44.956 WARNING: No register with name 'FPRegisterAccess' exists: TOSComponent::PopulateRegisterData
  SevWarning(1) : scregaccess.cpp : 3817
15:14:44.956 WARNING: No register with name 'FPRegisterAccess' exists
  SevWarning(1) : scregaccess.cpp : 3817
15:14:44.956 WARNING: No register with name 'GetFeatures' exists: TOSComponent::PopulateRegisterData
  SevWarning(1) : scregaccess.cpp : 3817
15:14:44.956 WARNING: No register with name 'GetFeatures' exists: TOSComponent::PopulateRegisterData
  SevWarning(1) : scregaccess.cpp : 3817
15:14:44.956 WARNING: No register with name 'GetFeatures' exists
  SevWarning(1) : scregaccess.cpp : 3817
15:14:44.956 WARNING: No register with name 'EvalEdxFxsr' exists: TOSComponent::PopulateRegisterData
  SevWarning(1) : scregaccess.cpp : 3817
15:14:44.956 WARNING: No register with name 'EvalEdxFxsr' exists: TOSComponent::PopulateRegisterData
  SevWarning(1) : scregaccess.cpp : 3817
15:14:44.966 WARNING: No register with name 'EvalEdxFxsr' exists
  SevWarning(1) : scregaccess.cpp : 3817
15:14:44.966 WARNING: No register with name 'EvalEcxXSaveAvx' exists: TOSComponent::PopulateRegisterData
  SevWarning(1) : scregaccess.cpp : 3817
15:14:44.966 WARNING: No register with name 'EvalEcxXSaveAvx' exists: TOSComponent::PopulateRegisterData
  SevWarning(1) : scregaccess.cpp : 3817
15:14:44.966 WARNING: No register with name 'EvalEcxXSaveAvx' exists
  SevWarning(1) : scregaccess.cpp : 3817
15:14:44.970 ERROR: Internal Error: Target connected notice when not connecting
  SevInternalError(4) : contextstatemanagerimpl.cpp : 533
15:14:44.971 ERROR: Operation succeeded
  SevError(2) : programcontext.cpp : 5208
15:14:44.974 WARNING: Object file has minimal debug information: C:/WindRiver/vxworks-6.9/target/proj/simpc_diab/default/vxWorks
  SevWarning(1) : symbolmanager.cpp : 178
15:14:45.067 ERROR: Program context is undefined
  SevError(2) : dtacell.cpp : 559
15:14:45.067 ERROR: Operation succeeded
  SevError(2) : programcontext.cpp : 5208
15:14:45.084 ERROR: Program context is undefined
  SevError(2) : dtacell.cpp : 559
15:14:45.084 ERROR: Operation succeeded
  SevError(2) : programcontext.cpp : 5208
15:14:45.085 ERROR: Program context is undefined
  SevError(2) : dtacell.cpp : 559
15:14:45.085 ERROR: Operation succeeded
  SevError(2) : programcontext.cpp : 5208
15:14:45.085 ERROR: Program context is undefined
  SevError(2) : dtacell.cpp : 559
15:14:45.085 ERROR: Operation succeeded
  SevError(2) : programcontext.cpp : 5208
15:14:45.092 ERROR: Program context is undefined
  SevError(2) : dtacell.cpp : 559
15:14:45.092 ERROR: Operation succeeded
  SevError(2) : programcontext.cpp : 5208
15:14:45.093 ERROR: Program context is undefined
  SevError(2) : dtacell.cpp : 559
15:14:45.093 ERROR: Operation succeeded
  SevError(2) : programcontext.cpp : 5208
15:14:45.093 ERROR: Program context is undefined
  SevError(2) : dtacell.cpp : 559
15:14:45.093 ERROR: Operation succeeded
  SevError(2) : programcontext.cpp : 5208
15:14:45.094 ERROR: Program context is undefined
  SevError(2) : dtacell.cpp : 559
15:14:45.094 ERROR: Operation succeeded
  SevError(2) : programcontext.cpp : 5208
15:14:45.094 ERROR: Program context is undefined
  SevError(2) : dtacell.cpp : 559
15:14:45.094 ERROR: Operation succeeded
  SevError(2) : programcontext.cpp : 5208
15:14:45.095 ERROR: Program context is undefined
  SevError(2) : dtacell.cpp : 559
15:14:45.095 ERROR: Operation succeeded
  SevError(2) : programcontext.cpp : 5208
15:14:45.096 ERROR: Program context is undefined
  SevError(2) : dtacell.cpp : 559
15:14:45.096 ERROR: Operation succeeded
  SevError(2) : programcontext.cpp : 5208
15:14:45.096 ERROR: Program context is undefined
  SevError(2) : dtacell.cpp : 559
15:14:45.096 ERROR: Operation succeeded
  SevError(2) : programcontext.cpp : 5208
15:14:45.096 ERROR: Program context is undefined
  SevError(2) : dtacell.cpp : 559
15:14:45.096 ERROR: Operation succeeded
  SevError(2) : programcontext.cpp : 5208
15:14:45.096 ERROR: Program context is undefined
  SevError(2) : dtacell.cpp : 559
15:14:45.096 ERROR: Operation succeeded
  SevError(2) : programcontext.cpp : 5208
15:14:45.096 ERROR: Program context is undefined
  SevError(2) : dtacell.cpp : 559
15:14:45.096 ERROR: Operation succeeded
  SevError(2) : programcontext.cpp : 5208
15:14:45.097 ERROR: Program context is undefined
  SevError(2) : dtacell.cpp : 559
15:14:45.097 ERROR: Operation succeeded
  SevError(2) : programcontext.cpp : 5208
15:14:45.097 ERROR: Program context is undefined
  SevError(2) : dtacell.cpp : 559
15:14:45.097 ERROR: Operation succeeded
  SevError(2) : programcontext.cpp : 5208
15:14:45.097 ERROR: Program context is undefined
  SevError(2) : dtacell.cpp : 559
15:14:45.097 ERROR: Operation succeeded
  SevError(2) : programcontext.cpp : 5208
15:14:45.097 ERROR: Program context is undefined
  SevError(2) : dtacell.cpp : 559
15:14:45.097 ERROR: Operation succeeded
  SevError(2) : programcontext.cpp : 5208
15:14:45.103 ERROR: Program context is undefined
  SevError(2) : dtacell.cpp : 559
15:14:45.103 ERROR: Operation succeeded
  SevError(2) : programcontext.cpp : 5208
15:14:45.163 ERROR: Program context is undefined
  SevError(2) : dtacell.cpp : 559
15:14:45.163 ERROR: Operation succeeded
  SevError(2) : programcontext.cpp : 5208
15:14:45.165 ERROR: Program context is undefined
  SevError(2) : dtacell.cpp : 559
15:14:45.165 ERROR: Operation succeeded
  SevError(2) : programcontext.cpp : 5208
15:14:45.166 ERROR: Program context is undefined
  SevError(2) : dtacell.cpp : 559
15:14:45.166 ERROR: Operation succeeded
  SevError(2) : programcontext.cpp : 5208
15:14:45.166 ERROR: Program context is undefined
  SevError(2) : dtacell.cpp : 559
15:14:45.166 ERROR: Operation succeeded
  SevError(2) : programcontext.cpp : 5208
15:14:45.166 ERROR: Program context is undefined
  SevError(2) : dtacell.cpp : 559
15:14:45.166 ERROR: Operation succeeded
  SevError(2) : programcontext.cpp : 5208
15:14:45.289 ERROR: Program context is undefined
  SevError(2) : dtacell.cpp : 559
15:14:45.289 ERROR: Operation succeeded
  SevError(2) : programcontext.cpp : 5208
15:14:46.679 ERROR: Program context is undefined
  SevError(2) : dtacell.cpp : 559
15:14:46.679 ERROR: Operation succeeded
  SevError(2) : programcontext.cpp : 5208
15:14:46.681 ERROR: Program context is undefined
  SevError(2) : dtacell.cpp : 559
15:14:46.681 ERROR: Operation succeeded
  SevError(2) : programcontext.cpp : 5208
15:14:46.682 ERROR: Program context is undefined
  SevError(2) : dtacell.cpp : 559
15:14:46.682 ERROR: Operation succeeded
  SevError(2) : programcontext.cpp : 5208
15:14:46.683 ERROR: Program context is undefined
  SevError(2) : dtacell.cpp : 559
15:14:46.683 ERROR: Operation succeeded
  SevError(2) : programcontext.cpp : 5208
15:14:46.694 ERROR: Program context is undefined
  SevError(2) : dtacell.cpp : 559
15:14:46.694 ERROR: Operation succeeded
  SevError(2) : programcontext.cpp : 5208
15:14:46.694 ERROR: Program context is undefined
  SevError(2) : dtacell.cpp : 559
15:14:46.694 ERROR: Operation succeeded
  SevError(2) : programcontext.cpp : 5208
15:14:46.698 ERROR: Program context is undefined
  SevError(2) : dtacell.cpp : 559
15:14:46.698 ERROR: Operation succeeded
  SevError(2) : programcontext.cpp : 5208
15:14:46.698 ERROR: Program context is undefined
  SevError(2) : dtacell.cpp : 559
15:14:46.698 ERROR: Operation succeeded
  SevError(2) : programcontext.cpp : 5208
15:14:46.698 ERROR: Program context is undefined
  SevError(2) : dtacell.cpp : 559
15:14:46.698 ERROR: Operation succeeded
  SevError(2) : programcontext.cpp : 5208
15:14:46.699 ERROR: Program context is undefined
  SevError(2) : dtacell.cpp : 559
15:14:46.699 ERROR: Operation succeeded
  SevError(2) : programcontext.cpp : 5208
15:14:46.699 ERROR: Program context is undefined
  SevError(2) : dtacell.cpp : 559
15:14:46.699 ERROR: Operation succeeded
  SevError(2) : programcontext.cpp : 5208
15:14:46.699 ERROR: Program context is undefined
  SevError(2) : dtacell.cpp : 559
15:14:46.699 ERROR: Operation succeeded
  SevError(2) : programcontext.cpp : 5208
15:14:46.699 ERROR: Program context is undefined
  SevError(2) : dtacell.cpp : 559
15:14:46.699 ERROR: Operation succeeded
  SevError(2) : programcontext.cpp : 5208
15:14:46.699 ERROR: Program context is undefined
  SevError(2) : dtacell.cpp : 559
15:14:46.699 ERROR: Operation succeeded
  SevError(2) : programcontext.cpp : 5208
15:14:46.699 ERROR: Program context is undefined
  SevError(2) : dtacell.cpp : 559
15:14:46.700 ERROR: Operation succeeded
  SevError(2) : programcontext.cpp : 5208
15:14:46.700 ERROR: Program context is undefined
  SevError(2) : dtacell.cpp : 559
15:14:46.700 ERROR: Operation succeeded
  SevError(2) : programcontext.cpp : 5208
15:14:46.700 ERROR: Program context is undefined
  SevError(2) : dtacell.cpp : 559
15:14:46.700 ERROR: Operation succeeded
  SevError(2) : programcontext.cpp : 5208
15:14:46.700 ERROR: Program context is undefined
  SevError(2) : dtacell.cpp : 559
15:14:46.700 ERROR: Operation succeeded
  SevError(2) : programcontext.cpp : 5208
15:14:46.700 ERROR: Program context is undefined
  SevError(2) : dtacell.cpp : 559
15:14:46.700 ERROR: Operation succeeded
  SevError(2) : programcontext.cpp : 5208
15:14:46.700 ERROR: Program context is undefined
  SevError(2) : dtacell.cpp : 559
15:14:46.700 ERROR: Operation succeeded
  SevError(2) : programcontext.cpp : 5208
15:14:46.701 ERROR: Program context is undefined
  SevError(2) : dtacell.cpp : 559
15:14:46.701 ERROR: Operation succeeded
  SevError(2) : programcontext.cpp : 5208
15:14:46.701 ERROR: Program context is undefined
  SevError(2) : dtacell.cpp : 559
15:14:46.701 ERROR: Operation succeeded
  SevError(2) : programcontext.cpp : 5208
15:14:46.701 ERROR: Program context is undefined
  SevError(2) : dtacell.cpp : 559
15:14:46.701 ERROR: Operation succeeded
  SevError(2) : programcontext.cpp : 5208
15:14:46.701 ERROR: Program context is undefined
  SevError(2) : dtacell.cpp : 559
15:14:46.701 ERROR: Operation succeeded
  SevError(2) : programcontext.cpp : 5208
15:14:46.702 ERROR: Program context is undefined
  SevError(2) : dtacell.cpp : 559
15:14:46.702 ERROR: Operation succeeded
  SevError(2) : programcontext.cpp : 5208
15:14:46.709 ERROR: Program context is undefined
  SevError(2) : dtacell.cpp : 559
15:14:46.709 ERROR: Operation succeeded
  SevError(2) : programcontext.cpp : 5208
15:14:46.710 ERROR: Program context is undefined
  SevError(2) : dtacell.cpp : 559
15:14:46.710 ERROR: Operation succeeded
  SevError(2) : programcontext.cpp : 5208
15:14:46.710 ERROR: Program context is undefined
  SevError(2) : dtacell.cpp : 559
15:14:46.710 ERROR: Operation succeeded
  SevError(2) : programcontext.cpp : 5208
15:14:46.713 ERROR: Program context is undefined
  SevError(2) : dtacell.cpp : 559
15:14:46.713 ERROR: Operation succeeded
  SevError(2) : programcontext.cpp : 5208
15:14:46.714 ERROR: Program context is undefined
  SevError(2) : dtacell.cpp : 559
15:14:46.714 ERROR: Operation succeeded
  SevError(2) : programcontext.cpp : 5208
15:14:46.722 ERROR: Program context is undefined
  SevError(2) : dtacell.cpp : 559
15:14:46.722 ERROR: Operation succeeded
  SevError(2) : programcontext.cpp : 5208
15:14:46.835 ERROR: Program context is undefined
  SevError(2) : dtacell.cpp : 559
15:14:46.835 ERROR: Operation succeeded
  SevError(2) : programcontext.cpp : 5208
15:22:19.445 ERROR: Program context is undefined
  SevError(2) : dtacell.cpp : 559
15:22:19.445 ERROR: Operation succeeded
  SevError(2) : programcontext.cpp : 5208
15:22:19.452 ERROR: Program context is undefined
  SevError(2) : dtacell.cpp : 559
15:22:19.452 ERROR: Operation succeeded
  SevError(2) : programcontext.cpp : 5208
15:22:19.452 ERROR: Program context is undefined
  SevError(2) : dtacell.cpp : 559
15:22:19.452 ERROR: Operation succeeded
  SevError(2) : programcontext.cpp : 5208
15:22:19.457 ERROR: Program context is undefined
  SevError(2) : dtacell.cpp : 559
15:22:19.457 ERROR: Operation succeeded
  SevError(2) : programcontext.cpp : 5208
15:22:19.466 ERROR: Program context is undefined
  SevError(2) : dtacell.cpp : 559
15:22:19.466 ERROR: Operation succeeded
  SevError(2) : programcontext.cpp : 5208
15:22:19.476 ERROR: Program context is undefined
  SevError(2) : dtacell.cpp : 559
15:22:19.476 ERROR: Operation succeeded
  SevError(2) : programcontext.cpp : 5208
15:22:19.486 ERROR: Program context is undefined
  SevError(2) : dtacell.cpp : 559
15:22:19.486 ERROR: Operation succeeded
  SevError(2) : programcontext.cpp : 5208
15:22:19.496 ERROR: Program context is undefined
  SevError(2) : dtacell.cpp : 559
15:22:19.496 ERROR: Operation succeeded
  SevError(2) : programcontext.cpp : 5208
15:22:19.507 ERROR: Program context is undefined
  SevError(2) : dtacell.cpp : 559
15:22:19.507 ERROR: Operation succeeded
  SevError(2) : programcontext.cpp : 5208
15:22:19.516 ERROR: Program context is undefined
  SevError(2) : dtacell.cpp : 559
15:22:19.516 ERROR: Operation succeeded
  SevError(2) : programcontext.cpp : 5208
15:22:19.525 ERROR: Program context is undefined
  SevError(2) : dtacell.cpp : 559
15:22:19.525 ERROR: Operation succeeded
  SevError(2) : programcontext.cpp : 5208
15:22:19.534 ERROR: Program context is undefined
  SevError(2) : dtacell.cpp : 559
15:22:19.534 ERROR: Operation succeeded
  SevError(2) : programcontext.cpp : 5208
15:22:19.544 ERROR: Program context is undefined
  SevError(2) : dtacell.cpp : 559
15:22:19.544 ERROR: Operation succeeded
  SevError(2) : programcontext.cpp : 5208
15:22:19.554 ERROR: Program context is undefined
  SevError(2) : dtacell.cpp : 559
15:22:19.554 ERROR: Operation succeeded
  SevError(2) : programcontext.cpp : 5208
15:22:19.562 ERROR: Program context is undefined
  SevError(2) : dtacell.cpp : 559
15:22:19.562 ERROR: Operation succeeded
  SevError(2) : programcontext.cpp : 5208
15:22:19.572 ERROR: Program context is undefined
  SevError(2) : dtacell.cpp : 559
15:22:19.572 ERROR: Operation succeeded
  SevError(2) : programcontext.cpp : 5208
15:22:19.577 ERROR: Program context is undefined
  SevError(2) : dtacell.cpp : 559
15:22:19.577 ERROR: Operation succeeded
  SevError(2) : programcontext.cpp : 5208
15:22:19.858 ERROR: Program context is undefined
  SevError(2) : dtacell.cpp : 559
15:22:19.858 ERROR: Operation succeeded
  SevError(2) : programcontext.cpp : 5208
15:22:19.861 ERROR: Program context is undefined
  SevError(2) : dtacell.cpp : 559
15:22:19.861 ERROR: Operation succeeded
  SevError(2) : programcontext.cpp : 5208
15:22:19.861 ERROR: Program context is undefined
  SevError(2) : dtacell.cpp : 559
15:22:19.861 ERROR: Operation succeeded
  SevError(2) : programcontext.cpp : 5208
15:22:19.863 ERROR: Program context is undefined
  SevError(2) : dtacell.cpp : 559
15:22:19.863 ERROR: Operation succeeded
  SevError(2) : programcontext.cpp : 5208
15:22:19.882 ERROR: Program context is undefined
  SevError(2) : dtacell.cpp : 559
15:22:19.882 ERROR: Operation succeeded
  SevError(2) : programcontext.cpp : 5208
15:22:19.882 ERROR: Program context is undefined
  SevError(2) : dtacell.cpp : 559
15:22:19.882 ERROR: Operation succeeded
  SevError(2) : programcontext.cpp : 5208
15:22:19.885 ERROR: Program context is undefined
  SevError(2) : dtacell.cpp : 559
15:22:19.885 ERROR: Operation succeeded
  SevError(2) : programcontext.cpp : 5208
15:22:19.885 ERROR: Program context is undefined
  SevError(2) : dtacell.cpp : 559
15:22:19.885 ERROR: Operation succeeded
  SevError(2) : programcontext.cpp : 5208
15:22:19.886 ERROR: Program context is undefined
  SevError(2) : dtacell.cpp : 559
15:22:19.886 ERROR: Operation succeeded
  SevError(2) : programcontext.cpp : 5208
15:22:19.886 ERROR: Program context is undefined
  SevError(2) : dtacell.cpp : 559
15:22:19.886 ERROR: Operation succeeded
  SevError(2) : programcontext.cpp : 5208
15:22:19.886 ERROR: Program context is undefined
  SevError(2) : dtacell.cpp : 559
15:22:19.886 ERROR: Operation succeeded
  SevError(2) : programcontext.cpp : 5208
15:22:19.887 ERROR: Program context is undefined
  SevError(2) : dtacell.cpp : 559
15:22:19.887 ERROR: Operation succeeded
  SevError(2) : programcontext.cpp : 5208
15:22:19.887 ERROR: Program context is undefined
  SevError(2) : dtacell.cpp : 559
15:22:19.887 ERROR: Operation succeeded
  SevError(2) : programcontext.cpp : 5208
15:22:19.887 ERROR: Program context is undefined
  SevError(2) : dtacell.cpp : 559
15:22:19.887 ERROR: Operation succeeded
  SevError(2) : programcontext.cpp : 5208
15:22:19.887 ERROR: Program context is undefined
  SevError(2) : dtacell.cpp : 559
15:22:19.887 ERROR: Operation succeeded
  SevError(2) : programcontext.cpp : 5208
15:22:19.887 ERROR: Program context is undefined
  SevError(2) : dtacell.cpp : 559
15:22:19.887 ERROR: Operation succeeded
  SevError(2) : programcontext.cpp : 5208
15:22:19.887 ERROR: Program context is undefined
  SevError(2) : dtacell.cpp : 559
15:22:19.887 ERROR: Operation succeeded
  SevError(2) : programcontext.cpp : 5208
15:22:19.888 ERROR: Program context is undefined
  SevError(2) : dtacell.cpp : 559
15:22:19.888 ERROR: Operation succeeded
  SevError(2) : programcontext.cpp : 5208
15:22:19.888 ERROR: Program context is undefined
  SevError(2) : dtacell.cpp : 559
15:22:19.888 ERROR: Operation succeeded
  SevError(2) : programcontext.cpp : 5208
15:22:19.888 ERROR: Program context is undefined
  SevError(2) : dtacell.cpp : 559
15:22:19.888 ERROR: Operation succeeded
  SevError(2) : programcontext.cpp : 5208
15:22:19.888 ERROR: Program context is undefined
  SevError(2) : dtacell.cpp : 559
15:22:19.888 ERROR: Operation succeeded
  SevError(2) : programcontext.cpp : 5208
15:22:19.888 ERROR: Program context is undefined
  SevError(2) : dtacell.cpp : 559
15:22:19.888 ERROR: Operation succeeded
  SevError(2) : programcontext.cpp : 5208
15:22:19.888 ERROR: Program context is undefined
  SevError(2) : dtacell.cpp : 559
15:22:19.888 ERROR: Operation succeeded
  SevError(2) : programcontext.cpp : 5208
15:22:19.888 ERROR: Program context is undefined
  SevError(2) : dtacell.cpp : 559
15:22:19.888 ERROR: Operation succeeded
  SevError(2) : programcontext.cpp : 5208
15:22:19.889 ERROR: Program context is undefined
  SevError(2) : dtacell.cpp : 559
15:22:19.889 ERROR: Operation succeeded
  SevError(2) : programcontext.cpp : 5208
15:22:19.896 ERROR: Program context is undefined
  SevError(2) : dtacell.cpp : 559
15:22:19.896 ERROR: Operation succeeded
  SevError(2) : programcontext.cpp : 5208
15:22:19.897 ERROR: Program context is undefined
  SevError(2) : dtacell.cpp : 559
15:22:19.897 ERROR: Operation succeeded
  SevError(2) : programcontext.cpp : 5208
15:22:19.897 ERROR: Program context is undefined
  SevError(2) : dtacell.cpp : 559
15:22:19.897 ERROR: Operation succeeded
  SevError(2) : programcontext.cpp : 5208
15:22:19.900 ERROR: Program context is undefined
  SevError(2) : dtacell.cpp : 559
15:22:19.900 ERROR: Operation succeeded
  SevError(2) : programcontext.cpp : 5208
15:22:19.903 ERROR: Program context is undefined
  SevError(2) : dtacell.cpp : 559
15:22:19.903 ERROR: Operation succeeded
  SevError(2) : programcontext.cpp : 5208
15:22:19.908 ERROR: Program context is undefined
  SevError(2) : dtacell.cpp : 559
15:22:19.908 ERROR: Operation succeeded
  SevError(2) : programcontext.cpp : 5208
15:22:19.909 ERROR: Program context is undefined
  SevError(2) : dtacell.cpp : 559
15:22:19.909 ERROR: Operation succeeded
  SevError(2) : programcontext.cpp : 5208
15:24:17.022 ERROR: Program context is undefined
  SevError(2) : dtacell.cpp : 559
15:24:17.022 ERROR: Operation succeeded
  SevError(2) : programcontext.cpp : 5208
15:24:17.022 ERROR: Program context is undefined
  SevError(2) : dtacell.cpp : 559
15:24:17.022 ERROR: Operation succeeded
  SevError(2) : programcontext.cpp : 5208
15:24:17.029 ERROR: Program context is undefined
  SevError(2) : dtacell.cpp : 559
15:24:17.029 ERROR: Operation succeeded
  SevError(2) : programcontext.cpp : 5208
15:24:17.039 ERROR: Program context is undefined
  SevError(2) : dtacell.cpp : 559
15:24:17.039 ERROR: Operation succeeded
  SevError(2) : programcontext.cpp : 5208
15:24:17.049 ERROR: Program context is undefined
  SevError(2) : dtacell.cpp : 559
15:24:17.049 ERROR: Operation succeeded
  SevError(2) : programcontext.cpp : 5208
15:24:17.061 ERROR: Program context is undefined
  SevError(2) : dtacell.cpp : 559
15:24:17.061 ERROR: Operation succeeded
  SevError(2) : programcontext.cpp : 5208
15:24:17.074 ERROR: Program context is undefined
  SevError(2) : dtacell.cpp : 559
15:24:17.074 ERROR: Operation succeeded
  SevError(2) : programcontext.cpp : 5208
15:24:17.084 ERROR: Program context is undefined
  SevError(2) : dtacell.cpp : 559
15:24:17.084 ERROR: Operation succeeded
  SevError(2) : programcontext.cpp : 5208
15:24:17.096 ERROR: Program context is undefined
  SevError(2) : dtacell.cpp : 559
15:24:17.096 ERROR: Operation succeeded
  SevError(2) : programcontext.cpp : 5208
15:24:17.106 ERROR: Program context is undefined
  SevError(2) : dtacell.cpp : 559
15:24:17.106 ERROR: Operation succeeded
  SevError(2) : programcontext.cpp : 5208
15:24:17.116 ERROR: Program context is undefined
  SevError(2) : dtacell.cpp : 559
15:24:17.116 ERROR: Operation succeeded
  SevError(2) : programcontext.cpp : 5208
15:24:17.127 ERROR: Program context is undefined
  SevError(2) : dtacell.cpp : 559
15:24:17.127 ERROR: Operation succeeded
  SevError(2) : programcontext.cpp : 5208
15:24:17.136 ERROR: Program context is undefined
  SevError(2) : dtacell.cpp : 559
15:24:17.136 ERROR: Operation succeeded
  SevError(2) : programcontext.cpp : 5208
15:24:17.145 ERROR: Program context is undefined
  SevError(2) : dtacell.cpp : 559
15:24:17.146 ERROR: Operation succeeded
  SevError(2) : programcontext.cpp : 5208
15:24:17.155 ERROR: Program context is undefined
  SevError(2) : dtacell.cpp : 559
15:24:17.155 ERROR: Operation succeeded
  SevError(2) : programcontext.cpp : 5208
15:24:17.161 ERROR: Program context is undefined
  SevError(2) : dtacell.cpp : 559
15:24:17.161 ERROR: Operation succeeded
  SevError(2) : programcontext.cpp : 5208
15:24:17.456 ERROR: Program context is undefined
  SevError(2) : dtacell.cpp : 559
15:24:17.456 ERROR: Operation succeeded
  SevError(2) : programcontext.cpp : 5208
15:24:17.457 ERROR: Program context is undefined
  SevError(2) : dtacell.cpp : 559
15:24:17.457 ERROR: Operation succeeded
  SevError(2) : programcontext.cpp : 5208
15:24:17.458 ERROR: Program context is undefined
  SevError(2) : dtacell.cpp : 559
15:24:17.458 ERROR: Operation succeeded
  SevError(2) : programcontext.cpp : 5208
15:24:17.459 ERROR: Program context is undefined
  SevError(2) : dtacell.cpp : 559
15:24:17.459 ERROR: Operation succeeded
  SevError(2) : programcontext.cpp : 5208
15:24:17.472 ERROR: Program context is undefined
  SevError(2) : dtacell.cpp : 559
15:24:17.472 ERROR: Operation succeeded
  SevError(2) : programcontext.cpp : 5208
15:24:17.472 ERROR: Program context is undefined
  SevError(2) : dtacell.cpp : 559
15:24:17.472 ERROR: Operation succeeded
  SevError(2) : programcontext.cpp : 5208
15:24:17.476 ERROR: Program context is undefined
  SevError(2) : dtacell.cpp : 559
15:24:17.476 ERROR: Operation succeeded
  SevError(2) : programcontext.cpp : 5208
15:24:17.476 ERROR: Program context is undefined
  SevError(2) : dtacell.cpp : 559
15:24:17.476 ERROR: Operation succeeded
  SevError(2) : programcontext.cpp : 5208
15:24:17.477 ERROR: Program context is undefined
  SevError(2) : dtacell.cpp : 559
15:24:17.477 ERROR: Operation succeeded
  SevError(2) : programcontext.cpp : 5208
15:24:17.477 ERROR: Program context is undefined
  SevError(2) : dtacell.cpp : 559
15:24:17.477 ERROR: Operation succeeded
  SevError(2) : programcontext.cpp : 5208
15:24:17.477 ERROR: Program context is undefined
  SevError(2) : dtacell.cpp : 559
15:24:17.477 ERROR: Operation succeeded
  SevError(2) : programcontext.cpp : 5208
15:24:17.477 ERROR: Program context is undefined
  SevError(2) : dtacell.cpp : 559
15:24:17.477 ERROR: Operation succeeded
  SevError(2) : programcontext.cpp : 5208
15:24:17.478 ERROR: Program context is undefined
  SevError(2) : dtacell.cpp : 559
15:24:17.478 ERROR: Operation succeeded
  SevError(2) : programcontext.cpp : 5208
15:24:17.478 ERROR: Program context is undefined
  SevError(2) : dtacell.cpp : 559
15:24:17.478 ERROR: Operation succeeded
  SevError(2) : programcontext.cpp : 5208
15:24:17.478 ERROR: Program context is undefined
  SevError(2) : dtacell.cpp : 559
15:24:17.478 ERROR: Operation succeeded
  SevError(2) : programcontext.cpp : 5208
15:24:17.478 ERROR: Program context is undefined
  SevError(2) : dtacell.cpp : 559
15:24:17.478 ERROR: Operation succeeded
  SevError(2) : programcontext.cpp : 5208
15:24:17.478 ERROR: Program context is undefined
  SevError(2) : dtacell.cpp : 559
15:24:17.478 ERROR: Operation succeeded
  SevError(2) : programcontext.cpp : 5208
15:24:17.478 ERROR: Program context is undefined
  SevError(2) : dtacell.cpp : 559
15:24:17.478 ERROR: Operation succeeded
  SevError(2) : programcontext.cpp : 5208
15:24:17.478 ERROR: Program context is undefined
  SevError(2) : dtacell.cpp : 559
15:24:17.478 ERROR: Operation succeeded
  SevError(2) : programcontext.cpp : 5208
15:24:17.479 ERROR: Program context is undefined
  SevError(2) : dtacell.cpp : 559
15:24:17.479 ERROR: Operation succeeded
  SevError(2) : programcontext.cpp : 5208
15:24:17.479 ERROR: Program context is undefined
  SevError(2) : dtacell.cpp : 559
15:24:17.479 ERROR: Operation succeeded
  SevError(2) : programcontext.cpp : 5208
15:24:17.479 ERROR: Program context is undefined
  SevError(2) : dtacell.cpp : 559
15:24:17.479 ERROR: Operation succeeded
  SevError(2) : programcontext.cpp : 5208
15:24:17.479 ERROR: Program context is undefined
  SevError(2) : dtacell.cpp : 559
15:24:17.479 ERROR: Operation succeeded
  SevError(2) : programcontext.cpp : 5208
15:24:17.479 ERROR: Program context is undefined
  SevError(2) : dtacell.cpp : 559
15:24:17.479 ERROR: Operation succeeded
  SevError(2) : programcontext.cpp : 5208
15:24:17.480 ERROR: Program context is undefined
  SevError(2) : dtacell.cpp : 559
15:24:17.480 ERROR: Operation succeeded
  SevError(2) : programcontext.cpp : 5208
15:24:17.485 ERROR: Program context is undefined
  SevError(2) : dtacell.cpp : 559
15:24:17.485 ERROR: Operation succeeded
  SevError(2) : programcontext.cpp : 5208
15:24:17.486 ERROR: Program context is undefined
  SevError(2) : dtacell.cpp : 559
15:24:17.486 ERROR: Operation succeeded
  SevError(2) : programcontext.cpp : 5208
15:24:17.486 ERROR: Program context is undefined
  SevError(2) : dtacell.cpp : 559
15:24:17.486 ERROR: Operation succeeded
  SevError(2) : programcontext.cpp : 5208
15:24:17.489 ERROR: Program context is undefined
  SevError(2) : dtacell.cpp : 559
15:24:17.489 ERROR: Operation succeeded
  SevError(2) : programcontext.cpp : 5208
15:24:17.492 ERROR: Program context is undefined
  SevError(2) : dtacell.cpp : 559
15:24:17.492 ERROR: Operation succeeded
  SevError(2) : programcontext.cpp : 5208
15:24:17.497 ERROR: Program context is undefined
  SevError(2) : dtacell.cpp : 559
15:24:17.498 ERROR: Operation succeeded
  SevError(2) : programcontext.cpp : 5208
15:24:17.499 ERROR: Program context is undefined
  SevError(2) : dtacell.cpp : 559
15:24:17.499 ERROR: Operation succeeded
  SevError(2) : programcontext.cpp : 5208
15:39:17.046 ERROR: Program context is undefined
  SevError(2) : dtacell.cpp : 559
15:39:17.046 ERROR: Operation succeeded
  SevError(2) : programcontext.cpp : 5208
15:39:17.046 ERROR: Program context is undefined
  SevError(2) : dtacell.cpp : 559
15:39:17.046 ERROR: Operation succeeded
  SevError(2) : programcontext.cpp : 5208
15:39:17.053 ERROR: Program context is undefined
  SevError(2) : dtacell.cpp : 559
15:39:17.053 ERROR: Operation succeeded
  SevError(2) : programcontext.cpp : 5208
15:39:17.063 ERROR: Program context is undefined
  SevError(2) : dtacell.cpp : 559
15:39:17.063 ERROR: Operation succeeded
  SevError(2) : programcontext.cpp : 5208
15:39:17.072 ERROR: Program context is undefined
  SevError(2) : dtacell.cpp : 559
15:39:17.072 ERROR: Operation succeeded
  SevError(2) : programcontext.cpp : 5208
15:39:17.081 ERROR: Program context is undefined
  SevError(2) : dtacell.cpp : 559
15:39:17.081 ERROR: Operation succeeded
  SevError(2) : programcontext.cpp : 5208
15:39:17.092 ERROR: Program context is undefined
  SevError(2) : dtacell.cpp : 559
15:39:17.092 ERROR: Operation succeeded
  SevError(2) : programcontext.cpp : 5208
15:39:17.100 ERROR: Program context is undefined
  SevError(2) : dtacell.cpp : 559
15:39:17.100 ERROR: Operation succeeded
  SevError(2) : programcontext.cpp : 5208
15:39:17.110 ERROR: Program context is undefined
  SevError(2) : dtacell.cpp : 559
15:39:17.111 ERROR: Operation succeeded
  SevError(2) : programcontext.cpp : 5208
15:39:17.120 ERROR: Program context is undefined
  SevError(2) : dtacell.cpp : 559
15:39:17.120 ERROR: Operation succeeded
  SevError(2) : programcontext.cpp : 5208
15:39:17.131 ERROR: Program context is undefined
  SevError(2) : dtacell.cpp : 559
15:39:17.131 ERROR: Operation succeeded
  SevError(2) : programcontext.cpp : 5208
15:39:17.141 ERROR: Program context is undefined
  SevError(2) : dtacell.cpp : 559
15:39:17.141 ERROR: Operation succeeded
  SevError(2) : programcontext.cpp : 5208
15:39:17.151 ERROR: Program context is undefined
  SevError(2) : dtacell.cpp : 559
15:39:17.151 ERROR: Operation succeeded
  SevError(2) : programcontext.cpp : 5208
15:39:17.160 ERROR: Program context is undefined
  SevError(2) : dtacell.cpp : 559
15:39:17.160 ERROR: Operation succeeded
  SevError(2) : programcontext.cpp : 5208
15:39:17.170 ERROR: Program context is undefined
  SevError(2) : dtacell.cpp : 559
15:39:17.170 ERROR: Operation succeeded
  SevError(2) : programcontext.cpp : 5208
15:39:17.177 ERROR: Program context is undefined
  SevError(2) : dtacell.cpp : 559
15:39:17.178 ERROR: Operation succeeded
  SevError(2) : programcontext.cpp : 5208
15:39:17.475 ERROR: Program context is undefined
  SevError(2) : dtacell.cpp : 559
15:39:17.475 ERROR: Operation succeeded
  SevError(2) : programcontext.cpp : 5208
15:39:17.479 ERROR: Program context is undefined
  SevError(2) : dtacell.cpp : 559
15:39:17.479 ERROR: Operation succeeded
  SevError(2) : programcontext.cpp : 5208
15:39:17.479 ERROR: Program context is undefined
  SevError(2) : dtacell.cpp : 559
15:39:17.479 ERROR: Operation succeeded
  SevError(2) : programcontext.cpp : 5208
15:39:17.480 ERROR: Program context is undefined
  SevError(2) : dtacell.cpp : 559
15:39:17.480 ERROR: Operation succeeded
  SevError(2) : programcontext.cpp : 5208
15:47:35.091 ERROR: Program context is undefined
  SevError(2) : dtacell.cpp : 559
15:47:35.091 ERROR: Operation succeeded
  SevError(2) : programcontext.cpp : 5208
15:47:35.092 ERROR: Program context is undefined
  SevError(2) : dtacell.cpp : 559
15:47:35.092 ERROR: Operation succeeded
  SevError(2) : programcontext.cpp : 5208
15:47:35.092 ERROR: Program context is undefined
  SevError(2) : dtacell.cpp : 559
15:47:35.092 ERROR: Operation succeeded
  SevError(2) : programcontext.cpp : 5208
15:47:35.092 ERROR: Program context is undefined
  SevError(2) : dtacell.cpp : 559
15:47:35.092 ERROR: Operation succeeded
  SevError(2) : programcontext.cpp : 5208
15:47:35.092 ERROR: Program context is undefined
  SevError(2) : dtacell.cpp : 559
15:47:35.092 ERROR: Operation succeeded
  SevError(2) : programcontext.cpp : 5208
15:47:35.093 ERROR: Program context is undefined
  SevError(2) : dtacell.cpp : 559
15:47:35.093 ERROR: Operation succeeded
  SevError(2) : programcontext.cpp : 5208
15:47:35.093 ERROR: Program context is undefined
  SevError(2) : dtacell.cpp : 559
15:47:35.093 ERROR: Operation succeeded
  SevError(2) : programcontext.cpp : 5208
15:47:35.094 ERROR: Program context is undefined
  SevError(2) : dtacell.cpp : 559
15:47:35.094 ERROR: Operation succeeded
  SevError(2) : programcontext.cpp : 5208
15:47:35.094 ERROR: Program context is undefined
  SevError(2) : dtacell.cpp : 559
15:47:35.094 ERROR: Operation succeeded
  SevError(2) : programcontext.cpp : 5208
15:47:35.094 ERROR: Program context is undefined
  SevError(2) : dtacell.cpp : 559
15:47:35.094 ERROR: Operation succeeded
  SevError(2) : programcontext.cpp : 5208
15:47:35.094 ERROR: Program context is undefined
  SevError(2) : dtacell.cpp : 559
15:47:35.094 ERROR: Operation succeeded
  SevError(2) : programcontext.cpp : 5208
15:47:35.094 ERROR: Program context is undefined
  SevError(2) : dtacell.cpp : 559
15:47:35.094 ERROR: Operation succeeded
  SevError(2) : programcontext.cpp : 5208
15:47:35.094 ERROR: Program context is undefined
  SevError(2) : dtacell.cpp : 559
15:47:35.094 ERROR: Operation succeeded
  SevError(2) : programcontext.cpp : 5208
15:47:35.100 ERROR: Program context is undefined
  SevError(2) : dtacell.cpp : 559
15:47:35.100 ERROR: Operation succeeded
  SevError(2) : programcontext.cpp : 5208
15:47:35.101 ERROR: Program context is undefined
  SevError(2) : dtacell.cpp : 559
15:47:35.101 ERROR: Operation succeeded
  SevError(2) : programcontext.cpp : 5208
15:47:35.110 ERROR: Program context is undefined
  SevError(2) : dtacell.cpp : 559
15:47:35.110 ERROR: Operation succeeded
  SevError(2) : programcontext.cpp : 5208
15:47:35.121 ERROR: Program context is undefined
  SevError(2) : dtacell.cpp : 559
15:47:35.121 ERROR: Operation succeeded
  SevError(2) : programcontext.cpp : 5208
15:47:35.131 ERROR: Program context is undefined
  SevError(2) : dtacell.cpp : 559
15:47:35.132 ERROR: Operation succeeded
  SevError(2) : programcontext.cpp : 5208
15:47:35.142 ERROR: Program context is undefined
  SevError(2) : dtacell.cpp : 559
15:47:35.142 ERROR: Operation succeeded
  SevError(2) : programcontext.cpp : 5208
15:47:35.151 ERROR: Program context is undefined
  SevError(2) : dtacell.cpp : 559
15:47:35.151 ERROR: Operation succeeded
  SevError(2) : programcontext.cpp : 5208
15:47:35.161 ERROR: Program context is undefined
  SevError(2) : dtacell.cpp : 559
15:47:35.161 ERROR: Operation succeeded
  SevError(2) : programcontext.cpp : 5208
15:47:35.171 ERROR: Program context is undefined
  SevError(2) : dtacell.cpp : 559
15:47:35.171 ERROR: Operation succeeded
  SevError(2) : programcontext.cpp : 5208
15:47:35.180 ERROR: Program context is undefined
  SevError(2) : dtacell.cpp : 559
15:47:35.180 ERROR: Operation succeeded
  SevError(2) : programcontext.cpp : 5208
15:47:35.190 ERROR: Program context is undefined
  SevError(2) : dtacell.cpp : 559
15:47:35.190 ERROR: Operation succeeded
  SevError(2) : programcontext.cpp : 5208
15:47:35.200 ERROR: Program context is undefined
  SevError(2) : dtacell.cpp : 559
15:47:35.200 ERROR: Operation succeeded
  SevError(2) : programcontext.cpp : 5208
15:47:35.210 ERROR: Program context is undefined
  SevError(2) : dtacell.cpp : 559
15:47:35.210 ERROR: Operation succeeded
  SevError(2) : programcontext.cpp : 5208
15:47:35.219 ERROR: Program context is undefined
  SevError(2) : dtacell.cpp : 559
15:47:35.219 ERROR: Operation succeeded
  SevError(2) : programcontext.cpp : 5208
15:47:35.225 ERROR: Program context is undefined
  SevError(2) : dtacell.cpp : 559
15:47:35.225 ERROR: Operation succeeded
  SevError(2) : programcontext.cpp : 5208
15:47:35.503 ERROR: Program context is undefined
  SevError(2) : dtacell.cpp : 559
15:47:35.503 ERROR: Operation succeeded
  SevError(2) : programcontext.cpp : 5208
15:47:35.505 ERROR: Program context is undefined
  SevError(2) : dtacell.cpp : 559
15:47:35.506 ERROR: Operation succeeded
  SevError(2) : programcontext.cpp : 5208
15:47:35.506 ERROR: Program context is undefined
  SevError(2) : dtacell.cpp : 559
15:47:35.506 ERROR: Operation succeeded
  SevError(2) : programcontext.cpp : 5208
15:47:35.507 ERROR: Program context is undefined
  SevError(2) : dtacell.cpp : 559
15:47:35.507 ERROR: Operation succeeded
  SevError(2) : programcontext.cpp : 5208
15:59:22.372 ERROR: Bad property: ???
  Tos Component : SevError(2) : toscomponent.cpp : 3327
15:59:22.372 ERROR: target server back-end disconnected
  SevError(2) : torwtxCommon.cpp : 1087
15:59:22.372 ERROR: Operation succeeded
  SevError(2) : programcontext.cpp : 5208
15:59:22.373 ERROR: Operation succeeded
  SevError(2) : programcontext.cpp : 5208
15:59:22.373 ERROR: Program context is undefined
  SevError(2) : dtacell.cpp : 559
15:59:22.373 ERROR: Operation succeeded
  SevError(2) : programcontext.cpp : 5208
15:59:22.374 ERROR: target server back-end disconnected
  SevError(2) : torwtxCommon.cpp : 1087
15:59:22.374 ERROR: Internal Error: Cannot retrieve connection information
  SevError(2) : TOSplugincommon.cpp : 3778
15:59:22.378 ERROR: Disconnect in progress
  SevError(2) : scruncontrol.cpp : 872
15:59:22.378 ERROR: Operation succeeded
  SevError(2) : programcontext.cpp : 5208
15:59:22.379 ERROR: Disconnect in progress
  SevError(2) : scruncontrol.cpp : 872
15:59:22.391 ERROR: Target not connected: TargetComponent::CheckInitAndConnect
  SevError(2) : targetcomponent.cpp : 2837
15:59:22.391 ERROR: Target not connected
  SevError(2) : targetcomponent.cpp : 2837
15:59:22.393 ERROR: no id specified
  SevError(2) : programcontext.cpp : 5665
15:59:22.401 ERROR: Target not connected: TargetComponent::CheckInitAndConnect
  SevError(2) : targetcomponent.cpp : 2837
15:59:22.401 ERROR: Target not connected
  SevError(2) : targetcomponent.cpp : 2837
15:59:22.402 ERROR: no id specified
  SevError(2) : programcontext.cpp : 5665
15:59:24.061 ERROR: Socket Error. API: recv, SessionId: 1084, ReturnCode:  [SystemErrorCode=10054]: SocketHandler::Read
  Protocol Component : SevError(2) : sockethandler.cpp : 102
15:59:24.061 ERROR: Socket Error. API: recv, SessionId: 1084, ReturnCode:  [SystemErrorCode=10054]
  Protocol Component : SevError(2) : sockethandler.cpp : 102
15:59:24.062 ERROR: target definition defaultTarget has not been created
  Protocol Component : SevError(2) : targetdefinitionmanager.cpp : 5161
15:59:24.062 ERROR: target definition vxsim0 has not been created
  Protocol Component : SevError(2) : targetdefinitionmanager.cpp : 5161
15:59:24.062 Operation succeeded: ShutdownServer
  Reason: ERRNone  Severity: ERRSuccessful15:59:24.062 ERROR: target definition defaultTarget has not been created
  Protocol Component : SevError(2) : targetdefinitionmanager.cpp : 5161
15:59:24.062 ERROR: target definition vxsim0 has not been created
  Protocol Component : SevError(2) : targetdefinitionmanager.cpp : 5161
