Checking License...OK
Virtual  Base Address: 0x10000000
Virtual  Top  Address: 0x50000000    Virtual  Size: 0x40000000 (1024Mb)
Physical Base Address: 0x10000000
Physical Top  Address: 0x30000000    Physical Size: 0x20000000 (512Mb)
Loading...
0x1a67c8 + 0x19764 + 0x1902c
Loading symbol table from host:C:/WindRiver/vxworks-6.9/target/proj/simpc_diab/default/vxWorks.sym ...done
 

 ]]]]]]]]]]]]]]]]]]]]]]]]]]]]]]]]]]]]]]]]
 ]]]]]]]]]]]]]]]]]]]]]]]]]]]]]]]]]]]]]]]
 ]]]]]]]]]]]]]]]]]]]]]]]]]]]]]]]]]]]]]]
      ]]]]]]]]]]]  ]]]]     ]]]]]]]]]]       ]]              ]]]]         (R)
 ]     ]]]]]]]]]  ]]]]]]     ]]]]]]]]       ]]               ]]]]            
 ]]     ]]]]]]]  ]]]]]]]]     ]]]]]] ]     ]]                ]]]]            
 ]]]     ]]]]] ]    ]]]  ]     ]]]] ]]]   ]]]]]]]]]  ]]]] ]] ]]]]  ]]   ]]]]]
 ]]]]     ]]]  ]]    ]  ]]]     ]] ]]]]] ]]]]]]   ]] ]]]]]]] ]]]] ]]   ]]]]  
 ]]]]]     ]  ]]]]     ]]]]]      ]]]]]]]] ]]]]   ]] ]]]]    ]]]]]]]    ]]]] 
 ]]]]]]      ]]]]]     ]]]]]]    ]  ]]]]]  ]]]]   ]] ]]]]    ]]]]]]]]    ]]]]
 ]]]]]]]    ]]]]]  ]    ]]]]]]  ]    ]]]   ]]]]   ]] ]]]]    ]]]] ]]]]    ]]]]
 ]]]]]]]]  ]]]]]  ]]]    ]]]]]]]      ]     ]]]]]]]  ]]]]    ]]]]  ]]]] ]]]]]
 ]]]]]]]]]]]]]]]]]]]]]]]]]]]]]]
 ]]]]]]]]]]]]]]]]]]]]]]]]]]]]]       Development System
 ]]]]]]]]]]]]]]]]]]]]]]]]]]]]
 ]]]]]]]]]]]]]]]]]]]]]]]]]]]       VxWorks 6.9
 ]]]]]]]]]]]]]]]]]]]]]]]]]]       KERNEL: WIND version 2.13
 ]]]]]]]]]]]]]]]]]]]]]]]]]       Copyright Wind River Systems, Inc., 1984-2019

 CPU: Windows 6.2.  Processor #0.
 Memory Size: 0x1ff00000 (511Mb).  BSP version 6.9/0.
 Created: Oct 22 2019 16:08:44
 ED&R Policy Mode: Deployed
 WDB Comm Type: WDB_COMM_PIPE
 WDB: Ready.

-> main
C interp: unknown symbol name 'main'.
-> main
C interp: unknown symbol name 'main'.
-> 
0x10104002 shellTask    +0x452: 0x10103519 (0x12359918, 0, 0, 0x1)
0x10103524 shellExec    +0x324: ledRead2 (0x1235fe68, 0x12359a9c, 0x100, 0x10101160, 0x12359918, 0x13, 0x1457ff88, 0x101034ff)
0x100ee0fd ledRead2     +0xdd : 0x10109415 (0x1235fe68, 0x12359a9c, 0x100, 0x416830)
0x10109508 viLedLibInit +0x158: 0x100b49a0 (0x1, 0x1457fedb, 0x1, 0)
0x100b49d4 lseek        +0x244: iosRead (0x3, 0x1457fedb, 0x1, 0)
0x100b5a0e iosRead      +0x2e : tyRead (0x122112f0, 0x1457fedb, 0x1, 0x12210070)
0x100bd50e tyRead       +0x6e : semTake (0x12211318, 0xffffffff, 0x1457fce8, 0x100b5861)
0x1016051a semTake      +0x2a : 0x1015edf8 (0x12211318, 0xffffffff, 0x1c, 0x1c)

Shell task 'tShell0' restarted...

-> main
C interp: unknown symbol name 'main'.
-> Jacobian:  
-194.154419 990.621704 576.174316 -87.232819 161.189499 -6.872266 
538.675415 99.393707 57.810265 83.492111 127.708626 -46.213005 
0.000000 -505.367401 -420.932922 42.863831 -230.587753 31.717360 
0.000000 -0.099833 -0.099833 0.477030 -0.431992 0.785582 
0.000000 0.995004 0.995004 0.047863 0.882342 0.266456 
1.000000 0.000000 0.000000 0.877583 0.186697 0.558446 

-> maing 
Jacobian:  
-106.470001 1157.319946 732.320007 -56.470001 307.320007 -56.470001 
50.000000 0.000000 0.000000 0.000000 0.000000 0.000000 
0.000000 0.000000 0.000000 0.000000 0.000000 0.000000 
0.000000 0.000000 0.000000 0.000000 0.000000 0.000000 
0.000000 1.000000 1.000000 0.000000 1.000000 0.000000 
1.000000 0.000000 0.000000 1.000000 0.000000 1.000000 
value = 0 = 0x0
-> Jacobian:  
-106.470001 1157.319946 732.320007 -56.470001 307.320007 -56.470001 
50.000000 0.000000 0.000000 0.000000 0.000000 0.000000 
0.000000 0.000000 0.000000 0.000000 0.000000 0.000000 
0.000000 0.000000 0.000000 0.000000 0.000000 0.000000 
0.000000 1.000000 1.000000 0.000000 1.000000 0.000000 
1.000000 0.000000 0.000000 1.000000 0.000000 1.000000 
Jacobian:  
-106.470001 1157.319946 732.320007 -56.470001 307.320007 -56.470001 
50.000000 0.000000 0.000000 0.000000 0.000000 0.000000 
0.000000 0.000000 0.000000 0.000000 0.000000 0.000000 
0.000000 0.000000 0.000000 0.000000 0.000000 0.000000 
0.000000 1.000000 1.000000 0.000000 1.000000 0.000000 
1.000000 0.000000 0.000000 1.000000 0.000000 1.000000 

0x10104002 shellTask    +0x452: 0x10103519 (0x12359918, 0, 0, 0x1)
0x10103524 shellExec    +0x324: ledRead2 (0x1235fe68, 0x12359a9c, 0x100, 0x10101160, 0x12359918, 0x13, 0x1457ff88, 0x101034ff)
0x100ee0fd ledRead2     +0xdd : 0x10109415 (0x1235fe68, 0x12359a9c, 0x100, 0x416830)
0x10109508 viLedLibInit +0x158: 0x100b49a0 (0x1, 0x1457fedb, 0x1, 0)
0x100b49d4 lseek        +0x244: iosRead (0x3, 0x1457fedb, 0x1, 0)
0x100b5a0e iosRead      +0x2e : tyRead (0x122112f0, 0x1457fedb, 0x1, 0x12210070)
0x100bd50e tyRead       +0x6e : semTake (0x12211318, 0xffffffff, 0x1457fce8, 0x100b5861)
0x1016051a semTake      +0x2a : 0x1015edf8 (0x12211318, 0xffffffff, 0x1457fcc8, 0x101608df)

Shell task 'tShell0' restarted...

-> Result: 1.000885Result: 1.001007Result: 4.142600Result:
 1.001007
 4.142600
 0.499448
 NaN
 1.002998
 -1.002998Result:
 1.001007
 4.142600
 0.499448
 NaN
 1.002998
 -1.002998Result:
 1.001007
 4.142600
 0.499448
 NaN
 1.002998
 -1.002998Result:
 1.001007
 4.142600
 0.499448
 NaN
 1.002998
 -1.002998Result:
 1.001007
 4.142600
 -0.501382
 -2499.498291
 1.002998
 -1.002998Result:
 1.001007
 4.142600
 -0.501382
 -2499.498291
 1.002998
 -1.002998Result:
 1.001007
 4.142600
 -0.434357
 0.568792
 1.002998
 -1.002998Result:
 1.001007
 4.142600
 -0.434357
 0.568792
 1.002998
 -1.002998Result:
 Q11: 1.001007
 Q12: 4.142600
 Q21: -0.434357
 Q22: 0.568792
 Q31: 1.002998
 Q32: -1.002998Results:
 Q11: 1.001007
 Q12: 4.142600
 Q21: 1.002155
 Q22: 2.005002
 Q31: 1.002998
 Q32: -1.002998Results:
 Q11: 1.001007
 Q12: 4.142600
 Q21: 1.002155
 Q22: 2.005002
 Q31: 1.002998
 Q32: -1.002998Results:
 Q11: 1.001007
 Q12: 4.142600
 Q21: -0.434357
 Q22: 0.568792
 Q31: 1.002998
 Q32: -1.002998
Results:
 Q11: 1.001007
 Q12: 4.142600
 Q21: -0.434357
 Q22: 0.568792
 Q31: 1.002998
 Q32: -1.002998
Results:
 Q11: 1.001007
 Q12: 4.142600
 Q21: -0.434357
 Q22: 0.568792
 Q31: 1.002998
 Q32: -1.002998
Results:
 Q11: 1.001007
 Q12: 4.142600
 Q21: 1.002155
 Q22: 2.005002
 Q31: 1.002998
 Q32: -1.002998
Results:
 Q11: 1.001007
 Q12: 4.142600
 Q21: 2.005153
 Q22: 1.002004
 Q31: 1.002998
 Q32: -1.002998
Results:
 Q11: 1.001007
 Q12: 4.142600
 Q21: 2.005153
 Q22: 1.002004
 Q31: 1.002998
 Q32: -1.002998
 Q4: 1.003988
 Q5: 1.142543
 Q6: 1.778016
Results:
 Q11: 1.001007
 Q12: 4.142600
 Q21: 2.005153
 Q22: 1.002004
 Q31: 1.002998
 Q32: -1.002998
 Q4: 1.003988
 Q5: 1.142543
 Q6: 1.778016
D1: 0.415282
Results:
 Q11: 1.001007
 Q12: 4.142600
 Q21: 2.005153
 Q22: 1.002004
 Q31: 1.002998
 Q32: -1.002998
 Q4: 1.003988
 Q5: 1.005007
 Q6: 1.778016
D1: 0.536082
Results:
 Q11: 1.001007
 Q12: 4.142600
 Q21: 2.005153
 Q22: 1.002004
 Q31: 1.002998
 Q32: -1.002998
 Q4: 1.003988
 Q5: 1.005007
 Q6: 1.802127
D1: 0.536082
Results:
 Q11: 1.001007
 Q12: 4.142600
 Q21: 2.005153
 Q22: 1.002004
 Q31: 1.002998
 Q32: -1.002998
 Q4: 1.003988
 Q5: 1.005007
 Q6: 1.006023
D1: 0.536082
Result:  
0.121698 -0.606672 0.785582 410.067291 
0.818364 0.509197 0.266456 110.158470 
-0.561668 0.610465 0.558446 845.345520 
0.000000 0.000000 0.000000 1.000000 
Results:
 Q11: 1.001007
 Q12: 4.142600
 Q21: 2.005153
 Q22: 1.002004
 Q31: 1.002998
 Q32: -1.002998
 Q4: 1.003988
 Q5: 1.005007
 Q6: 1.006023
D1: 0.536082

0x10104002 shellTask    +0x452: 0x10103519 (0x12359918, 0, 0, 0x1)
0x10103524 shellExec    +0x324: ledRead2 (0x1235fe68, 0x12359a9c, 0x100, 0x10101160, 0x12359918, 0x13, 0x1457ff88, 0x101034ff)
0x100ee0fd ledRead2     +0xdd : 0x10109415 (0x1235fe68, 0x12359a9c, 0x100, 0x416830)
0x10109508 viLedLibInit +0x158: 0x100b49a0 (0x1, 0x1457fedb, 0x1, 0)
0x100b49d4 lseek        +0x244: iosRead (0x3, 0x1457fedb, 0x1, 0)
0x100b5a0e iosRead      +0x2e : tyRead (0x122112f0, 0x1457fedb, 0x1, 0x12210070)
0x100bd50e tyRead       +0x6e : semTake (0x12211318, 0xffffffff, 0x1457fce8, 0x100b5861)
0x1016051a semTake      +0x2a : 0x1015edf8 (0x12211318, 0xffffffff, 0x1457fce8, 0x10050825)

Shell task 'tShell0' restarted...

-> Result:  
0.121698 -0.606672 0.785582 410.067291 
0.818364 0.509197 0.266456 110.158470 
-0.561668 0.610465 0.558446 845.345520 
0.000000 0.000000 0.000000 1.000000 
Results:
 Q11: 0.100000
 Q12: 3.241593
 Q21: 0.504803
 Q22: 0.200000
 Q31: 0.300000
 Q32: -0.300000
 Q4: 0.400001
 Q5: 0.500001
 Q6: 0.600000
D1: 0.877582
